{
  "stats": {
    "suites": 3,
    "tests": 3,
    "passes": 3,
    "pending": 0,
    "failures": 0,
    "start": "2021-10-27T06:31:39.522Z",
    "end": "2021-10-27T06:32:26.411Z",
    "duration": 28070,
    "testsRegistered": 3,
    "passPercent": 100,
    "pendingPercent": 0,
    "other": 0,
    "hasOther": false,
    "skipped": 0,
    "hasSkipped": false
  },
  "results": [
    {
      "uuid": "b3ca0bd9-3b83-42a9-ab76-4be962fedd29",
      "title": "",
      "fullFile": "cypress/integration/FeaturesAndStepDefinition/Test02_LoginPage.feature",
      "file": "cypress/integration/FeaturesAndStepDefinition/Test02_LoginPage.feature",
      "beforeHooks": [],
      "afterHooks": [],
      "tests": [],
      "suites": [
        {
          "uuid": "b021720c-205a-4ffa-9551-4a0a17b5aa97",
          "title": "Login Page Verification",
          "fullFile": "",
          "file": "",
          "beforeHooks": [],
          "afterHooks": [],
          "tests": [
            {
              "title": "Verification of Sucessfull Login",
              "fullTitle": "Login Page Verification Verification of Sucessfull Login",
              "timedOut": null,
              "duration": 7110,
              "state": "passed",
              "speed": "slow",
              "pass": true,
              "fail": false,
              "pending": false,
              "context": null,
              "code": "const state = window.testState;\nreturn cy\n  .then(() => state.onStartScenario(scenario, indexedSteps))\n  .then(() =>\n    resolveAndRunBeforeHooks.call(this, scenario.tags, state.feature.name)\n  )\n  .then(() =>\n    indexedSteps.forEach((step) =>\n      stepTest.call(this, state, step, rowData)\n    )\n  )\n  .then(() => state.onFinishScenario(scenario));",
              "err": {},
              "uuid": "5f4a861d-d4f4-4493-9d1b-30f4f43e8397",
              "parentUUID": "b021720c-205a-4ffa-9551-4a0a17b5aa97",
              "isHook": false,
              "skipped": false
            }
          ],
          "suites": [],
          "passes": [
            "5f4a861d-d4f4-4493-9d1b-30f4f43e8397"
          ],
          "failures": [],
          "pending": [],
          "skipped": [],
          "duration": 7110,
          "root": false,
          "rootEmpty": false,
          "_timeout": 2000
        }
      ],
      "passes": [],
      "failures": [],
      "pending": [],
      "skipped": [],
      "duration": 0,
      "root": true,
      "rootEmpty": true,
      "_timeout": 2000
    },
    {
      "uuid": "d864aaab-c7a9-453f-bc3a-34e67ed843a2",
      "title": "",
      "fullFile": "cypress/integration/FeaturesAndStepDefinition/Test03_ChildPage.feature",
      "file": "cypress/integration/FeaturesAndStepDefinition/Test03_ChildPage.feature",
      "beforeHooks": [],
      "afterHooks": [],
      "tests": [],
      "suites": [
        {
          "uuid": "bbdf5d84-8b3d-47bc-b29e-dde99bb7e5be",
          "title": "Child window Verification",
          "fullFile": "",
          "file": "",
          "beforeHooks": [],
          "afterHooks": [],
          "tests": [
            {
              "title": "Verification of Sucessfull navigation to the Child Window",
              "fullTitle": "Child window Verification Verification of Sucessfull navigation to the Child Window",
              "timedOut": null,
              "duration": 7928,
              "state": "passed",
              "speed": "slow",
              "pass": true,
              "fail": false,
              "pending": false,
              "context": null,
              "code": "const state = window.testState;\nreturn cy\n  .then(() => state.onStartScenario(scenario, indexedSteps))\n  .then(() =>\n    resolveAndRunBeforeHooks.call(this, scenario.tags, state.feature.name)\n  )\n  .then(() =>\n    indexedSteps.forEach((step) =>\n      stepTest.call(this, state, step, rowData)\n    )\n  )\n  .then(() => state.onFinishScenario(scenario));",
              "err": {},
              "uuid": "6d195ab3-254b-4f49-96cc-116727d7a828",
              "parentUUID": "bbdf5d84-8b3d-47bc-b29e-dde99bb7e5be",
              "isHook": false,
              "skipped": false
            }
          ],
          "suites": [],
          "passes": [
            "6d195ab3-254b-4f49-96cc-116727d7a828"
          ],
          "failures": [],
          "pending": [],
          "skipped": [],
          "duration": 7928,
          "root": false,
          "rootEmpty": false,
          "_timeout": 2000
        }
      ],
      "passes": [],
      "failures": [],
      "pending": [],
      "skipped": [],
      "duration": 0,
      "root": true,
      "rootEmpty": true,
      "_timeout": 2000
    },
    {
      "uuid": "2d9dcbe3-a865-41e8-92ae-0689fe55bd9d",
      "title": "",
      "fullFile": "cypress/integration/FeaturesAndStepDefinition/Test01_RegistrationPage.feature",
      "file": "cypress/integration/FeaturesAndStepDefinition/Test01_RegistrationPage.feature",
      "beforeHooks": [],
      "afterHooks": [],
      "tests": [],
      "suites": [
        {
          "uuid": "a8036964-4b2d-49b1-a3f3-ec8fc7925b5b",
          "title": "Registration Page Verification",
          "fullFile": "",
          "file": "",
          "beforeHooks": [],
          "afterHooks": [],
          "tests": [
            {
              "title": "Verification of Sucessfull Registration",
              "fullTitle": "Registration Page Verification Verification of Sucessfull Registration",
              "timedOut": null,
              "duration": 13032,
              "state": "passed",
              "speed": "slow",
              "pass": true,
              "fail": false,
              "pending": false,
              "context": null,
              "code": "const state = window.testState;\nreturn cy\n  .then(() => state.onStartScenario(scenario, indexedSteps))\n  .then(() =>\n    resolveAndRunBeforeHooks.call(this, scenario.tags, state.feature.name)\n  )\n  .then(() =>\n    indexedSteps.forEach((step) =>\n      stepTest.call(this, state, step, rowData)\n    )\n  )\n  .then(() => state.onFinishScenario(scenario));",
              "err": {},
              "uuid": "ed8978d9-2c77-4f4c-8e3e-66f289a3949a",
              "parentUUID": "a8036964-4b2d-49b1-a3f3-ec8fc7925b5b",
              "isHook": false,
              "skipped": false
            }
          ],
          "suites": [],
          "passes": [
            "ed8978d9-2c77-4f4c-8e3e-66f289a3949a"
          ],
          "failures": [],
          "pending": [],
          "skipped": [],
          "duration": 13032,
          "root": false,
          "rootEmpty": false,
          "_timeout": 2000
        }
      ],
      "passes": [],
      "failures": [],
      "pending": [],
      "skipped": [],
      "duration": 0,
      "root": true,
      "rootEmpty": true,
      "_timeout": 2000
    }
  ],
  "meta": {
    "mocha": {
      "version": "7.0.1"
    },
    "mochawesome": {
      "options": {
        "quiet": false,
        "reportFilename": "report",
        "saveHtml": true,
        "saveJson": true,
        "consoleReporter": "spec",
        "useInlineDiffs": false,
        "code": true
      },
      "version": "6.3.1"
    },
    "marge": {
      "options": {
        "reportDir": "cypress/reports",
        "reportFilename": "report",
        "overwrite": false,
        "html": true,
        "json": true,
        "charts": true
      },
      "version": "5.2.0"
    }
  }
}