{
  "stats": {
    "suites": 4,
    "tests": 5,
    "passes": 5,
    "pending": 0,
    "failures": 0,
    "start": "2021-10-27T13:14:51.049Z",
    "end": "2021-10-27T13:15:52.565Z",
    "duration": 28582,
    "testsRegistered": 5,
    "passPercent": 100,
    "pendingPercent": 0,
    "other": 0,
    "hasOther": false,
    "skipped": 0,
    "hasSkipped": false
  },
  "results": [
    {
      "uuid": "53acc84a-0ecc-41ce-8543-edeb54d4525e",
      "title": "",
      "fullFile": "cypress/integration/FeaturesAndStepDefinition/Test02_LoginPage.feature",
      "file": "cypress/integration/FeaturesAndStepDefinition/Test02_LoginPage.feature",
      "beforeHooks": [],
      "afterHooks": [],
      "tests": [],
      "suites": [
        {
          "uuid": "7a9b64bf-38de-47c6-a487-0fd1848cb3d7",
          "title": "UI - Login Page Verification",
          "fullFile": "",
          "file": "",
          "beforeHooks": [],
          "afterHooks": [],
          "tests": [
            {
              "title": "UI - Verification of Sucessfull Login",
              "fullTitle": "UI - Login Page Verification UI - Verification of Sucessfull Login",
              "timedOut": null,
              "duration": 6593,
              "state": "passed",
              "speed": "slow",
              "pass": true,
              "fail": false,
              "pending": false,
              "context": null,
              "code": "const state = window.testState;\nreturn cy\n  .then(() => state.onStartScenario(scenario, indexedSteps))\n  .then(() =>\n    resolveAndRunBeforeHooks.call(this, scenario.tags, state.feature.name)\n  )\n  .then(() =>\n    indexedSteps.forEach((step) =>\n      stepTest.call(this, state, step, rowData)\n    )\n  )\n  .then(() => state.onFinishScenario(scenario));",
              "err": {},
              "uuid": "9dae2786-eb96-4654-9c3e-9bcf26b6c1cb",
              "parentUUID": "7a9b64bf-38de-47c6-a487-0fd1848cb3d7",
              "isHook": false,
              "skipped": false
            }
          ],
          "suites": [],
          "passes": [
            "9dae2786-eb96-4654-9c3e-9bcf26b6c1cb"
          ],
          "failures": [],
          "pending": [],
          "skipped": [],
          "duration": 6593,
          "root": false,
          "rootEmpty": false,
          "_timeout": 2000
        }
      ],
      "passes": [],
      "failures": [],
      "pending": [],
      "skipped": [],
      "duration": 0,
      "root": true,
      "rootEmpty": true,
      "_timeout": 2000
    },
    {
      "uuid": "755c194f-4f1a-4c73-a482-5fc75172c4b9",
      "title": "",
      "fullFile": "cypress/integration/FeaturesAndStepDefinition/Test03_ChildPage.feature",
      "file": "cypress/integration/FeaturesAndStepDefinition/Test03_ChildPage.feature",
      "beforeHooks": [],
      "afterHooks": [],
      "tests": [],
      "suites": [
        {
          "uuid": "757ff8bd-16a7-4f40-9b83-93943216f4e5",
          "title": "UI - Child window Verification",
          "fullFile": "",
          "file": "",
          "beforeHooks": [],
          "afterHooks": [],
          "tests": [
            {
              "title": "UI - Verification of Sucessfull navigation to the Child Window",
              "fullTitle": "UI - Child window Verification UI - Verification of Sucessfull navigation to the Child Window",
              "timedOut": null,
              "duration": 6586,
              "state": "passed",
              "speed": "slow",
              "pass": true,
              "fail": false,
              "pending": false,
              "context": null,
              "code": "const state = window.testState;\nreturn cy\n  .then(() => state.onStartScenario(scenario, indexedSteps))\n  .then(() =>\n    resolveAndRunBeforeHooks.call(this, scenario.tags, state.feature.name)\n  )\n  .then(() =>\n    indexedSteps.forEach((step) =>\n      stepTest.call(this, state, step, rowData)\n    )\n  )\n  .then(() => state.onFinishScenario(scenario));",
              "err": {},
              "uuid": "189c66a4-d7b1-4803-98c3-9ac0fd4f69cb",
              "parentUUID": "757ff8bd-16a7-4f40-9b83-93943216f4e5",
              "isHook": false,
              "skipped": false
            }
          ],
          "suites": [],
          "passes": [
            "189c66a4-d7b1-4803-98c3-9ac0fd4f69cb"
          ],
          "failures": [],
          "pending": [],
          "skipped": [],
          "duration": 6586,
          "root": false,
          "rootEmpty": false,
          "_timeout": 2000
        }
      ],
      "passes": [],
      "failures": [],
      "pending": [],
      "skipped": [],
      "duration": 0,
      "root": true,
      "rootEmpty": true,
      "_timeout": 2000
    },
    {
      "uuid": "d654c2a8-29c9-440c-8714-f31e702ad392",
      "title": "",
      "fullFile": "cypress/integration/FeaturesAndStepDefinition/Test04_API_UsersGet.feature",
      "file": "cypress/integration/FeaturesAndStepDefinition/Test04_API_UsersGet.feature",
      "beforeHooks": [],
      "afterHooks": [],
      "tests": [],
      "suites": [
        {
          "uuid": "2f063787-dadc-49e3-b6f2-aa857e12b776",
          "title": "API - Get Request for Users Verification",
          "fullFile": "",
          "file": "",
          "beforeHooks": [],
          "afterHooks": [],
          "tests": [
            {
              "title": "API - Verification of Get Request for Users",
              "fullTitle": "API - Get Request for Users Verification API - Verification of Get Request for Users",
              "timedOut": null,
              "duration": 654,
              "state": "passed",
              "speed": "slow",
              "pass": true,
              "fail": false,
              "pending": false,
              "context": null,
              "code": "const state = window.testState;\nreturn cy\n  .then(() => state.onStartScenario(scenario, indexedSteps))\n  .then(() =>\n    resolveAndRunBeforeHooks.call(this, scenario.tags, state.feature.name)\n  )\n  .then(() =>\n    indexedSteps.forEach((step) =>\n      stepTest.call(this, state, step, rowData)\n    )\n  )\n  .then(() => state.onFinishScenario(scenario));",
              "err": {},
              "uuid": "f0e40d78-7e45-4396-97e3-dbe83739a222",
              "parentUUID": "2f063787-dadc-49e3-b6f2-aa857e12b776",
              "isHook": false,
              "skipped": false
            },
            {
              "title": "API - Verification of Post Request for Users",
              "fullTitle": "API - Get Request for Users Verification API - Verification of Post Request for Users",
              "timedOut": null,
              "duration": 1323,
              "state": "passed",
              "speed": "slow",
              "pass": true,
              "fail": false,
              "pending": false,
              "context": null,
              "code": "const state = window.testState;\nreturn cy\n  .then(() => state.onStartScenario(scenario, indexedSteps))\n  .then(() =>\n    resolveAndRunBeforeHooks.call(this, scenario.tags, state.feature.name)\n  )\n  .then(() =>\n    indexedSteps.forEach((step) =>\n      stepTest.call(this, state, step, rowData)\n    )\n  )\n  .then(() => state.onFinishScenario(scenario));",
              "err": {},
              "uuid": "cf8444be-e0e5-481b-84d5-246a6833e829",
              "parentUUID": "2f063787-dadc-49e3-b6f2-aa857e12b776",
              "isHook": false,
              "skipped": false
            }
          ],
          "suites": [],
          "passes": [
            "f0e40d78-7e45-4396-97e3-dbe83739a222",
            "cf8444be-e0e5-481b-84d5-246a6833e829"
          ],
          "failures": [],
          "pending": [],
          "skipped": [],
          "duration": 1977,
          "root": false,
          "rootEmpty": false,
          "_timeout": 2000
        }
      ],
      "passes": [],
      "failures": [],
      "pending": [],
      "skipped": [],
      "duration": 0,
      "root": true,
      "rootEmpty": true,
      "_timeout": 2000
    },
    {
      "uuid": "46d00ac1-0e82-4110-bb23-6460688c5ce7",
      "title": "",
      "fullFile": "cypress/integration/FeaturesAndStepDefinition/Test01_RegistrationPage.feature",
      "file": "cypress/integration/FeaturesAndStepDefinition/Test01_RegistrationPage.feature",
      "beforeHooks": [],
      "afterHooks": [],
      "tests": [],
      "suites": [
        {
          "uuid": "57ab5e7a-6fba-41fa-8ec0-7a8022461338",
          "title": "UI - Registration Page Verification",
          "fullFile": "",
          "file": "",
          "beforeHooks": [],
          "afterHooks": [],
          "tests": [
            {
              "title": "UI - Verification of Sucessfull Registration",
              "fullTitle": "UI - Registration Page Verification UI - Verification of Sucessfull Registration",
              "timedOut": null,
              "duration": 13426,
              "state": "passed",
              "speed": "slow",
              "pass": true,
              "fail": false,
              "pending": false,
              "context": null,
              "code": "const state = window.testState;\nreturn cy\n  .then(() => state.onStartScenario(scenario, indexedSteps))\n  .then(() =>\n    resolveAndRunBeforeHooks.call(this, scenario.tags, state.feature.name)\n  )\n  .then(() =>\n    indexedSteps.forEach((step) =>\n      stepTest.call(this, state, step, rowData)\n    )\n  )\n  .then(() => state.onFinishScenario(scenario));",
              "err": {},
              "uuid": "1faaf62d-ddc3-4083-aa22-6eabb41cbded",
              "parentUUID": "57ab5e7a-6fba-41fa-8ec0-7a8022461338",
              "isHook": false,
              "skipped": false
            }
          ],
          "suites": [],
          "passes": [
            "1faaf62d-ddc3-4083-aa22-6eabb41cbded"
          ],
          "failures": [],
          "pending": [],
          "skipped": [],
          "duration": 13426,
          "root": false,
          "rootEmpty": false,
          "_timeout": 2000
        }
      ],
      "passes": [],
      "failures": [],
      "pending": [],
      "skipped": [],
      "duration": 0,
      "root": true,
      "rootEmpty": true,
      "_timeout": 2000
    }
  ],
  "meta": {
    "mocha": {
      "version": "7.0.1"
    },
    "mochawesome": {
      "options": {
        "quiet": false,
        "reportFilename": "report",
        "saveHtml": true,
        "saveJson": true,
        "consoleReporter": "spec",
        "useInlineDiffs": false,
        "code": true
      },
      "version": "6.3.1"
    },
    "marge": {
      "options": {
        "reportDir": "cypress/reports",
        "reportFilename": "report",
        "overwrite": false,
        "html": true,
        "json": true,
        "charts": true
      },
      "version": "5.2.0"
    }
  }
}