{
  "stats": {
    "suites": 1,
    "tests": 2,
    "passes": 2,
    "pending": 0,
    "failures": 0,
    "start": "2021-10-27T13:15:50.530Z",
    "end": "2021-10-27T13:15:52.565Z",
    "duration": 2035,
    "testsRegistered": 2,
    "passPercent": 100,
    "pendingPercent": 0,
    "other": 0,
    "hasOther": false,
    "skipped": 0,
    "hasSkipped": false
  },
  "results": [
    {
      "uuid": "d654c2a8-29c9-440c-8714-f31e702ad392",
      "title": "",
      "fullFile": "cypress/integration/FeaturesAndStepDefinition/Test04_API_UsersGet.feature",
      "file": "cypress/integration/FeaturesAndStepDefinition/Test04_API_UsersGet.feature",
      "beforeHooks": [],
      "afterHooks": [],
      "tests": [],
      "suites": [
        {
          "uuid": "2f063787-dadc-49e3-b6f2-aa857e12b776",
          "title": "API - Get Request for Users Verification",
          "fullFile": "",
          "file": "",
          "beforeHooks": [],
          "afterHooks": [],
          "tests": [
            {
              "title": "API - Verification of Get Request for Users",
              "fullTitle": "API - Get Request for Users Verification API - Verification of Get Request for Users",
              "timedOut": null,
              "duration": 654,
              "state": "passed",
              "speed": "slow",
              "pass": true,
              "fail": false,
              "pending": false,
              "context": null,
              "code": "const state = window.testState;\nreturn cy\n  .then(() => state.onStartScenario(scenario, indexedSteps))\n  .then(() =>\n    resolveAndRunBeforeHooks.call(this, scenario.tags, state.feature.name)\n  )\n  .then(() =>\n    indexedSteps.forEach((step) =>\n      stepTest.call(this, state, step, rowData)\n    )\n  )\n  .then(() => state.onFinishScenario(scenario));",
              "err": {},
              "uuid": "f0e40d78-7e45-4396-97e3-dbe83739a222",
              "parentUUID": "2f063787-dadc-49e3-b6f2-aa857e12b776",
              "isHook": false,
              "skipped": false
            },
            {
              "title": "API - Verification of Post Request for Users",
              "fullTitle": "API - Get Request for Users Verification API - Verification of Post Request for Users",
              "timedOut": null,
              "duration": 1323,
              "state": "passed",
              "speed": "slow",
              "pass": true,
              "fail": false,
              "pending": false,
              "context": null,
              "code": "const state = window.testState;\nreturn cy\n  .then(() => state.onStartScenario(scenario, indexedSteps))\n  .then(() =>\n    resolveAndRunBeforeHooks.call(this, scenario.tags, state.feature.name)\n  )\n  .then(() =>\n    indexedSteps.forEach((step) =>\n      stepTest.call(this, state, step, rowData)\n    )\n  )\n  .then(() => state.onFinishScenario(scenario));",
              "err": {},
              "uuid": "cf8444be-e0e5-481b-84d5-246a6833e829",
              "parentUUID": "2f063787-dadc-49e3-b6f2-aa857e12b776",
              "isHook": false,
              "skipped": false
            }
          ],
          "suites": [],
          "passes": [
            "f0e40d78-7e45-4396-97e3-dbe83739a222",
            "cf8444be-e0e5-481b-84d5-246a6833e829"
          ],
          "failures": [],
          "pending": [],
          "skipped": [],
          "duration": 1977,
          "root": false,
          "rootEmpty": false,
          "_timeout": 2000
        }
      ],
      "passes": [],
      "failures": [],
      "pending": [],
      "skipped": [],
      "duration": 0,
      "root": true,
      "rootEmpty": true,
      "_timeout": 2000
    }
  ],
  "meta": {
    "mocha": {
      "version": "7.0.1"
    },
    "mochawesome": {
      "options": {
        "quiet": false,
        "reportFilename": "report",
        "saveHtml": true,
        "saveJson": true,
        "consoleReporter": "spec",
        "useInlineDiffs": false,
        "code": true
      },
      "version": "6.3.1"
    },
    "marge": {
      "options": {
        "reportDir": "cypress/reports",
        "reportFilename": "report",
        "overwrite": false,
        "html": true,
        "json": true,
        "charts": true
      },
      "version": "5.2.0"
    }
  }
}