{
  "stats": {
    "suites": 1,
    "tests": 1,
    "passes": 1,
    "pending": 0,
    "failures": 0,
    "start": "2021-10-27T13:15:34.972Z",
    "end": "2021-10-27T13:15:45.933Z",
    "duration": 10961,
    "testsRegistered": 1,
    "passPercent": 100,
    "pendingPercent": 0,
    "other": 0,
    "hasOther": false,
    "skipped": 0,
    "hasSkipped": false
  },
  "results": [
    {
      "uuid": "755c194f-4f1a-4c73-a482-5fc75172c4b9",
      "title": "",
      "fullFile": "cypress/integration/FeaturesAndStepDefinition/Test03_ChildPage.feature",
      "file": "cypress/integration/FeaturesAndStepDefinition/Test03_ChildPage.feature",
      "beforeHooks": [],
      "afterHooks": [],
      "tests": [],
      "suites": [
        {
          "uuid": "757ff8bd-16a7-4f40-9b83-93943216f4e5",
          "title": "UI - Child window Verification",
          "fullFile": "",
          "file": "",
          "beforeHooks": [],
          "afterHooks": [],
          "tests": [
            {
              "title": "UI - Verification of Sucessfull navigation to the Child Window",
              "fullTitle": "UI - Child window Verification UI - Verification of Sucessfull navigation to the Child Window",
              "timedOut": null,
              "duration": 6586,
              "state": "passed",
              "speed": "slow",
              "pass": true,
              "fail": false,
              "pending": false,
              "context": null,
              "code": "const state = window.testState;\nreturn cy\n  .then(() => state.onStartScenario(scenario, indexedSteps))\n  .then(() =>\n    resolveAndRunBeforeHooks.call(this, scenario.tags, state.feature.name)\n  )\n  .then(() =>\n    indexedSteps.forEach((step) =>\n      stepTest.call(this, state, step, rowData)\n    )\n  )\n  .then(() => state.onFinishScenario(scenario));",
              "err": {},
              "uuid": "189c66a4-d7b1-4803-98c3-9ac0fd4f69cb",
              "parentUUID": "757ff8bd-16a7-4f40-9b83-93943216f4e5",
              "isHook": false,
              "skipped": false
            }
          ],
          "suites": [],
          "passes": [
            "189c66a4-d7b1-4803-98c3-9ac0fd4f69cb"
          ],
          "failures": [],
          "pending": [],
          "skipped": [],
          "duration": 6586,
          "root": false,
          "rootEmpty": false,
          "_timeout": 2000
        }
      ],
      "passes": [],
      "failures": [],
      "pending": [],
      "skipped": [],
      "duration": 0,
      "root": true,
      "rootEmpty": true,
      "_timeout": 2000
    }
  ],
  "meta": {
    "mocha": {
      "version": "7.0.1"
    },
    "mochawesome": {
      "options": {
        "quiet": false,
        "reportFilename": "report",
        "saveHtml": true,
        "saveJson": true,
        "consoleReporter": "spec",
        "useInlineDiffs": false,
        "code": true
      },
      "version": "6.3.1"
    },
    "marge": {
      "options": {
        "reportDir": "cypress/reports",
        "reportFilename": "report",
        "overwrite": false,
        "html": true,
        "json": true,
        "charts": true
      },
      "version": "5.2.0"
    }
  }
}