{
  "stats": {
    "suites": 1,
    "tests": 1,
    "passes": 1,
    "pending": 0,
    "failures": 0,
    "start": "2021-10-27T13:14:51.049Z",
    "end": "2021-10-27T13:15:15.377Z",
    "duration": 24328,
    "testsRegistered": 1,
    "passPercent": 100,
    "pendingPercent": 0,
    "other": 0,
    "hasOther": false,
    "skipped": 0,
    "hasSkipped": false
  },
  "results": [
    {
      "uuid": "46d00ac1-0e82-4110-bb23-6460688c5ce7",
      "title": "",
      "fullFile": "cypress/integration/FeaturesAndStepDefinition/Test01_RegistrationPage.feature",
      "file": "cypress/integration/FeaturesAndStepDefinition/Test01_RegistrationPage.feature",
      "beforeHooks": [],
      "afterHooks": [],
      "tests": [],
      "suites": [
        {
          "uuid": "57ab5e7a-6fba-41fa-8ec0-7a8022461338",
          "title": "UI - Registration Page Verification",
          "fullFile": "",
          "file": "",
          "beforeHooks": [],
          "afterHooks": [],
          "tests": [
            {
              "title": "UI - Verification of Sucessfull Registration",
              "fullTitle": "UI - Registration Page Verification UI - Verification of Sucessfull Registration",
              "timedOut": null,
              "duration": 13426,
              "state": "passed",
              "speed": "slow",
              "pass": true,
              "fail": false,
              "pending": false,
              "context": null,
              "code": "const state = window.testState;\nreturn cy\n  .then(() => state.onStartScenario(scenario, indexedSteps))\n  .then(() =>\n    resolveAndRunBeforeHooks.call(this, scenario.tags, state.feature.name)\n  )\n  .then(() =>\n    indexedSteps.forEach((step) =>\n      stepTest.call(this, state, step, rowData)\n    )\n  )\n  .then(() => state.onFinishScenario(scenario));",
              "err": {},
              "uuid": "1faaf62d-ddc3-4083-aa22-6eabb41cbded",
              "parentUUID": "57ab5e7a-6fba-41fa-8ec0-7a8022461338",
              "isHook": false,
              "skipped": false
            }
          ],
          "suites": [],
          "passes": [
            "1faaf62d-ddc3-4083-aa22-6eabb41cbded"
          ],
          "failures": [],
          "pending": [],
          "skipped": [],
          "duration": 13426,
          "root": false,
          "rootEmpty": false,
          "_timeout": 2000
        }
      ],
      "passes": [],
      "failures": [],
      "pending": [],
      "skipped": [],
      "duration": 0,
      "root": true,
      "rootEmpty": true,
      "_timeout": 2000
    }
  ],
  "meta": {
    "mocha": {
      "version": "7.0.1"
    },
    "mochawesome": {
      "options": {
        "quiet": false,
        "reportFilename": "report",
        "saveHtml": true,
        "saveJson": true,
        "consoleReporter": "spec",
        "useInlineDiffs": false,
        "code": true
      },
      "version": "6.3.1"
    },
    "marge": {
      "options": {
        "reportDir": "cypress/reports",
        "reportFilename": "report",
        "overwrite": false,
        "html": true,
        "json": true,
        "charts": true
      },
      "version": "5.2.0"
    }
  }
}