{
  "stats": {
    "suites": 1,
    "tests": 1,
    "passes": 0,
    "pending": 0,
    "failures": 1,
    "start": "2021-10-19T10:57:58.959Z",
    "end": "2021-10-19T10:58:31.235Z",
    "duration": 32276,
    "testsRegistered": 1,
    "passPercent": 0,
    "pendingPercent": 0,
    "other": 0,
    "hasOther": false,
    "skipped": 0,
    "hasSkipped": false
  },
  "results": [
    {
      "uuid": "e5b21263-2f6a-4134-b8d4-a07f325070de",
      "title": "",
      "fullFile": "cypress/integration/FeaturesAndStepDefinition/Test02_LoginPage.feature",
      "file": "cypress/integration/FeaturesAndStepDefinition/Test02_LoginPage.feature",
      "beforeHooks": [],
      "afterHooks": [],
      "tests": [],
      "suites": [
        {
          "uuid": "e6a66645-9038-4434-bb0a-e5dae077d0b2",
          "title": "Login Page Verification",
          "fullFile": "",
          "file": "",
          "beforeHooks": [],
          "afterHooks": [],
          "tests": [
            {
              "title": "Verification of Sucessfull Login",
              "fullTitle": "Login Page Verification Verification of Sucessfull Login",
              "timedOut": null,
              "duration": 26863,
              "state": "failed",
              "speed": null,
              "pass": false,
              "fail": true,
              "pending": false,
              "context": null,
              "code": "const state = window.testState;\nreturn cy\n  .then(() => state.onStartScenario(scenario, indexedSteps))\n  .then(() =>\n    resolveAndRunBeforeHooks.call(this, scenario.tags, state.feature.name)\n  )\n  .then(() =>\n    indexedSteps.forEach((step) =>\n      stepTest.call(this, state, step, rowData)\n    )\n  )\n  .then(() => state.onFinishScenario(scenario));",
              "err": {
                "message": "AssertionError: Timed out retrying after 20000ms: Expected to find element: `h1.titlee`, but never found it.",
                "estack": "AssertionError: Timed out retrying after 20000ms: Expected to find element: `h1.titlee`, but never found it.\n    at Login.sucessMessage (https://parabank.parasoft.com/__cypress/tests?p=cypress\\integration\\FeaturesAndStepDefinition\\Test02_LoginPage.feature:115:30)\n    at Context.eval (https://parabank.parasoft.com/__cypress/tests?p=cypress\\integration\\FeaturesAndStepDefinition\\Test02_LoginPage.feature:57:9)\n    at Context.resolveAndRunStepDefinition (https://parabank.parasoft.com/__cypress/tests?p=cypress\\integration\\FeaturesAndStepDefinition\\Test02_LoginPage.feature:12438:29)\n    at Context.eval (https://parabank.parasoft.com/__cypress/tests?p=cypress\\integration\\FeaturesAndStepDefinition\\Test02_LoginPage.feature:11759:35)",
                "diff": null
              },
              "uuid": "6b1899ed-f4b9-4cfd-bb0b-617bd5f7163e",
              "parentUUID": "e6a66645-9038-4434-bb0a-e5dae077d0b2",
              "isHook": false,
              "skipped": false
            }
          ],
          "suites": [],
          "passes": [],
          "failures": [
            "6b1899ed-f4b9-4cfd-bb0b-617bd5f7163e"
          ],
          "pending": [],
          "skipped": [],
          "duration": 26863,
          "root": false,
          "rootEmpty": false,
          "_timeout": 2000
        }
      ],
      "passes": [],
      "failures": [],
      "pending": [],
      "skipped": [],
      "duration": 0,
      "root": true,
      "rootEmpty": true,
      "_timeout": 2000
    }
  ],
  "meta": {
    "mocha": {
      "version": "7.0.1"
    },
    "mochawesome": {
      "options": {
        "quiet": false,
        "reportFilename": "report",
        "saveHtml": true,
        "saveJson": true,
        "consoleReporter": "spec",
        "useInlineDiffs": false,
        "code": true
      },
      "version": "6.3.1"
    },
    "marge": {
      "options": {
        "reportDir": "cypress/reports",
        "reportFilename": "report",
        "overwrite": false,
        "html": true,
        "json": true,
        "charts": true
      },
      "version": "5.2.0"
    }
  }
}